<?xml version="1.0" encoding="utf-8"?><testsuites><testsuite name="pytest" errors="0" failures="0" skipped="0" tests="23" time="5.273" timestamp="2022-05-08T08:15:29.108609" hostname="Kaizalienware"><testcase classname="tests.test_kraken_websocket_api" name="test_websocket_connection_version" time="0.557" /><testcase classname="tests.test_kraken_websocket_api" name="test_websocket_connection_event" time="0.577" /><testcase classname="tests.test_kraken_websocket_api" name="test_websocket_connection_status" time="0.589" /><testcase classname="tests.test_kraken_websocket_api" name="test_ping" time="0.792" /><testcase classname="tests.test_kraken_websocket_api" name="test_websocket_connection_schema" time="0.776" /><testcase classname="tests.test_kraken_websocket_api_Public_Book_Channel" name="test_subscribe_book_subscriptionStatus_response_channelID" time="1.201" /><testcase classname="tests.test_kraken_websocket_api_Public_Book_Channel" name="test_subscribe_book_subscriptionStatus_response_channelName" time="0.654" /><testcase classname="tests.test_kraken_websocket_api_Public_Book_Channel" name="test_subscribe_book_subscriptionStatus_response_event" time="0.664" /><testcase classname="tests.test_kraken_websocket_api_Public_Book_Channel" name="test_subscribe_book_subscriptionStatus_response_pair" time="0.721" /><testcase classname="tests.test_kraken_websocket_api_Public_Book_Channel" name="test_subscribe_book_subscriptionStatus_response_subscription_depth" time="0.589" /><testcase classname="tests.test_kraken_websocket_api_Public_Book_Channel" name="test_subscribe_book_subscriptionStatus_response_status" time="0.611" /><testcase classname="tests.test_kraken_websocket_api_Public_Book_Channel" name="test_subscribe_book_subscriptionStatus_response_subscription_name" time="0.578" /><testcase classname="tests.test_kraken_websocket_api_Public_Book_Channel" name="test_subscribe_book_publication_schema_depth" time="1.062" /><testcase classname="tests.test_kraken_websocket_api_Public_Book_Channel" name="test_subscribe_book_publication_schema_channelID" time="0.708" /><testcase classname="tests.test_kraken_websocket_api_Public_Book_Channel" name="test_subscribe_book_publication_schema_length" time="1.084" /><testcase classname="tests.test_kraken_websocket_api_Public_Book_Channel" name="test_subscribe_book_publication_schema_ask_length" time="0.878" /><testcase classname="tests.test_kraken_websocket_api_Public_Book_Channel" name="test_subscribe_book_publication_schema_pair" time="0.824" /><testcase classname="tests.test_kraken_websocket_api_Public_Book_Channel" name="test_subscribe_book_publication_schema_bid_length" time="1.086" /><testcase classname="tests.test_kraken_websocket_api_Public_Book_Channel" name="test_subscribe_book_publication_schema_ask_element_length" time="0.987" /><testcase classname="tests.test_kraken_websocket_api_Public_Book_Channel" name="test_subscribe_book_heartbeat" time="1.002" /><testcase classname="tests.test_kraken_websocket_api_Public_Book_Channel" name="test_subscribe_book_publication_bid_timestamp" time="1.006" /><testcase classname="tests.test_kraken_websocket_api_Public_Book_Channel" name="test_subscribe_book_publication_schema_bid_element_length" time="1.015" /><testcase classname="tests.test_kraken_websocket_api_Public_Book_Channel" name="test_subscribe_book_publication_ask_timestamp" time="0.998" /></testsuite></testsuites>