<?xml version="1.0" encoding="utf-8"?><testsuites><testsuite name="pytest" errors="0" failures="0" skipped="0" tests="23" time="5.491" timestamp="2022-05-07T21:23:35.366604" hostname="Kaizalienware"><testcase classname="tests.test_kraken_websocket_api" name="test_websocket_connection_version" time="0.592" /><testcase classname="tests.test_kraken_websocket_api" name="test_websocket_connection_status" time="0.633" /><testcase classname="tests.test_kraken_websocket_api" name="test_websocket_connection_event" time="0.678" /><testcase classname="tests.test_kraken_websocket_api_Public_Book_Channel" name="test_subscribe_book_subscriptionStatus_response_event" time="0.813" /><testcase classname="tests.test_kraken_websocket_api" name="test_ping" time="0.840" /><testcase classname="tests.test_kraken_websocket_api" name="test_websocket_connection_schema" time="0.755" /><testcase classname="tests.test_kraken_websocket_api_Public_Book_Channel" name="test_subscribe_book_subscriptionStatus_response_channelID" time="0.854" /><testcase classname="tests.test_kraken_websocket_api_Public_Book_Channel" name="test_subscribe_book_subscriptionStatus_response_status" time="0.867" /><testcase classname="tests.test_kraken_websocket_api_Public_Book_Channel" name="test_subscribe_book_subscriptionStatus_response_channelName" time="0.921" /><testcase classname="tests.test_kraken_websocket_api_Public_Book_Channel" name="test_subscribe_book_subscriptionStatus_response_pair" time="0.937" /><testcase classname="tests.test_kraken_websocket_api_Public_Book_Channel" name="test_subscribe_book_subscriptionStatus_response_subscription_depth" time="0.613" /><testcase classname="tests.test_kraken_websocket_api_Public_Book_Channel" name="test_subscribe_book_publication_schema_length" time="0.779" /><testcase classname="tests.test_kraken_websocket_api_Public_Book_Channel" name="test_subscribe_book_subscriptionStatus_response_subscription_name" time="0.737" /><testcase classname="tests.test_kraken_websocket_api_Public_Book_Channel" name="test_subscribe_book_publication_schema_channelID" time="0.719" /><testcase classname="tests.test_kraken_websocket_api_Public_Book_Channel" name="test_subscribe_book_publication_schema_bid_length" time="0.985" /><testcase classname="tests.test_kraken_websocket_api_Public_Book_Channel" name="test_subscribe_book_publication_schema_depth" time="0.763" /><testcase classname="tests.test_kraken_websocket_api_Public_Book_Channel" name="test_subscribe_book_publication_schema_bid_element_length" time="0.736" /><testcase classname="tests.test_kraken_websocket_api_Public_Book_Channel" name="test_subscribe_book_publication_schema_pair" time="0.938" /><testcase classname="tests.test_kraken_websocket_api_Public_Book_Channel" name="test_subscribe_book_publication_schema_ask_element_length" time="1.025" /><testcase classname="tests.test_kraken_websocket_api_Public_Book_Channel" name="test_subscribe_book_publication_schema_ask_length" time="0.736" /><testcase classname="tests.test_kraken_websocket_api_Public_Book_Channel" name="test_subscribe_book_heartbeat" time="0.796" /><testcase classname="tests.test_kraken_websocket_api_Public_Book_Channel" name="test_subscribe_book_publication_ask_timestamp" time="0.997" /><testcase classname="tests.test_kraken_websocket_api_Public_Book_Channel" name="test_subscribe_book_publication_bid_timestamp" time="0.719" /></testsuite></testsuites>